{"epoch": 1, "train_loss": 1.3547289454790643, "position": 0.3610728572365401, "armstand": 0.47155688622754494, "rotation_type": 0.2215334221120142, "somersaults": 0.16764130064691862, "twists": 0.12091503267973856, "mean_f1": 0.26854389978055127}
{"epoch": 2, "train_loss": 1.2642987865226465, "position": 0.21841269841269842, "armstand": 0.47155688622754494, "rotation_type": 0.20241779497098644, "somersaults": 0.1974742736937859, "twists": 0.12091503267973856, "mean_f1": 0.24215533719695087}
{"epoch": 3, "train_loss": 1.2425734069237064, "position": 0.3739085772984078, "armstand": 0.47155688622754494, "rotation_type": 0.2571681391490057, "somersaults": 0.19632985442489226, "twists": 0.12091503267973856, "mean_f1": 0.2839756979559178}
{"epoch": 4, "train_loss": 1.223229976393796, "position": 0.3642662840402953, "armstand": 0.47155688622754494, "rotation_type": 0.2753070184313202, "somersaults": 0.1787326388888889, "twists": 0.12091503267973856, "mean_f1": 0.2821555720535576}
{"epoch": 5, "train_loss": 1.2034644566131607, "position": 0.37626369741958293, "armstand": 0.47155688622754494, "rotation_type": 0.3127527411387939, "somersaults": 0.19413861439551164, "twists": 0.12091503267973856, "mean_f1": 0.2951253943722344}
{"epoch": 6, "train_loss": 1.191834272136094, "position": 0.38710708053773746, "armstand": 0.47155688622754494, "rotation_type": 0.28208514293772374, "somersaults": 0.20495296787146605, "twists": 0.12679547228727556, "mean_f1": 0.2944995099723496}
{"epoch": 7, "train_loss": 1.1675302385721036, "position": 0.36673897838946384, "armstand": 0.47155688622754494, "rotation_type": 0.38938942713173713, "somersaults": 0.2122181598340122, "twists": 0.12064531213467385, "mean_f1": 0.3121097527434864}
{"epoch": 8, "train_loss": 1.163488457966121, "position": 0.3629806981762289, "armstand": 0.47155688622754494, "rotation_type": 0.3307045228731976, "somersaults": 0.21843944804212312, "twists": 0.12640327066787307, "mean_f1": 0.3020169651973935}
{"epoch": 9, "train_loss": 1.1448256513552355, "position": 0.3801454781046618, "armstand": 0.47155688622754494, "rotation_type": 0.3627740149794911, "somersaults": 0.25808753463597955, "twists": 0.1205723668777856, "mean_f1": 0.31862725616509263}
{"epoch": 10, "train_loss": 1.1363183821114422, "position": 0.3912942521344622, "armstand": 0.47155688622754494, "rotation_type": 0.4164250081538255, "somersaults": 0.23467799293351077, "twists": 0.12574252765356556, "mean_f1": 0.3279393334205818}
{"epoch": 11, "train_loss": 1.1292650004509375, "position": 0.38196604110813226, "armstand": 0.4707646176911544, "rotation_type": 0.39686892225331916, "somersaults": 0.3152199177543358, "twists": 0.12632984471736447, "mean_f1": 0.3382298687048612}
{"epoch": 12, "train_loss": 1.1184132604580987, "position": 0.35937386575861363, "armstand": 0.47155688622754494, "rotation_type": 0.4357902472890577, "somersaults": 0.29469770906385917, "twists": 0.1201032136992728, "mean_f1": 0.33630438440766963}
{"epoch": 13, "train_loss": 1.108645439260517, "position": 0.40877196120162873, "armstand": 0.47155688622754494, "rotation_type": 0.42272891014902225, "somersaults": 0.3311843540595294, "twists": 0.12459613359275987, "mean_f1": 0.3517676490460971}
{"epoch": 14, "train_loss": 1.0979329585691349, "position": 0.3275960130244991, "armstand": 0.47155688622754494, "rotation_type": 0.4164885737281937, "somersaults": 0.28882936167781015, "twists": 0.1248923341946598, "mean_f1": 0.32587263377054154}
{"epoch": 15, "train_loss": 1.093785706615538, "position": 0.3785062395231887, "armstand": 0.47155688622754494, "rotation_type": 0.4621489621489621, "somersaults": 0.31923260073260074, "twists": 0.12524933812062525, "mean_f1": 0.3513388053505843}
{"epoch": 16, "train_loss": 1.0806182324604903, "position": 0.4316402709569107, "armstand": 0.47155688622754494, "rotation_type": 0.4745839380517303, "somersaults": 0.2941015509282117, "twists": 0.1253570735224783, "mean_f1": 0.35944794393737517}
{"epoch": 17, "train_loss": 1.0767428631823057, "position": 0.4119176483073332, "armstand": 0.47155688622754494, "rotation_type": 0.467563953970112, "somersaults": 0.3448443051682897, "twists": 0.13018994316831256, "mean_f1": 0.3652145473683185}
{"epoch": 18, "train_loss": 1.0633132694688352, "position": 0.4476677805625174, "armstand": 0.46996996996997, "rotation_type": 0.48340383883473376, "somersaults": 0.275612030573204, "twists": 0.16080562378399318, "mean_f1": 0.3674918487448836}
{"epoch": 19, "train_loss": 1.0609513838072786, "position": 0.438839033389854, "armstand": 0.47155688622754494, "rotation_type": 0.46811178249704444, "somersaults": 0.329716167614574, "twists": 0.11983082706766916, "mean_f1": 0.3656109393593373}
{"epoch": 20, "train_loss": 1.05460412019373, "position": 0.4354871794871795, "armstand": 0.47155688622754494, "rotation_type": 0.4996057500713604, "somersaults": 0.29109100587759124, "twists": 0.15655737704918035, "mean_f1": 0.3708596397425713}
{"epoch": 21, "train_loss": 1.0495543564345275, "position": 0.4159643822547305, "armstand": 0.47155688622754494, "rotation_type": 0.5299517277521824, "somersaults": 0.32249402266275157, "twists": 0.12002824193927983, "mean_f1": 0.3719990521672978}
{"epoch": 22, "train_loss": 1.0417368478432818, "position": 0.4857530347391192, "armstand": 0.47155688622754494, "rotation_type": 0.5224669680825703, "somersaults": 0.3382506929938579, "twists": 0.1369085459994551, "mean_f1": 0.39098722560850946}
{"epoch": 23, "train_loss": 1.0257889937971763, "position": 0.30559892031482166, "armstand": 0.47155688622754494, "rotation_type": 0.46940388281235546, "somersaults": 0.3015562608021932, "twists": 0.18247863247863247, "mean_f1": 0.3461189165271096}
{"epoch": 24, "train_loss": 1.0304835918829958, "position": 0.4072311088971298, "armstand": 0.47155688622754494, "rotation_type": 0.5227457148881149, "somersaults": 0.3451717838223593, "twists": 0.15682721533785363, "mean_f1": 0.3807065418346005}
{"epoch": 25, "train_loss": 1.0314006236389743, "position": 0.48758708479911705, "armstand": 0.47155688622754494, "rotation_type": 0.5525233378114854, "somersaults": 0.352335784901111, "twists": 0.16224297356849388, "mean_f1": 0.4052492134615505}
{"epoch": 26, "train_loss": 1.0169878359444307, "position": 0.43830406165202457, "armstand": 0.47155688622754494, "rotation_type": 0.5193302557435976, "somersaults": 0.32159210949631795, "twists": 0.16185360094451, "mean_f1": 0.38252738281279897}
{"epoch": 27, "train_loss": 1.0152149444711558, "position": 0.460292708779225, "armstand": 0.5170998632010944, "rotation_type": 0.5605046896620868, "somersaults": 0.3434674647909942, "twists": 0.1422263225541914, "mean_f1": 0.40471820979751827}
{"epoch": 28, "train_loss": 1.0154637462469178, "position": 0.43804461604461603, "armstand": 0.47155688622754494, "rotation_type": 0.5433945976051239, "somersaults": 0.2828111062914349, "twists": 0.15494883903974815, "mean_f1": 0.3781512090416936}
{"epoch": 29, "train_loss": 1.0091458622074216, "position": 0.45613751886239856, "armstand": 0.47155688622754494, "rotation_type": 0.5637507272606076, "somersaults": 0.30602233414733415, "twists": 0.17129870129870128, "mean_f1": 0.39375323355931735}
{"epoch": 30, "train_loss": 0.989564592766244, "position": 0.43688309674704234, "armstand": 0.47155688622754494, "rotation_type": 0.5550719681485314, "somersaults": 0.3235445440250785, "twists": 0.16842823842823845, "mean_f1": 0.39109694671528716}
{
  "model": "Pose Contrastive",
  "task": "MTL-AQA multi-attribute classification",
  "synthetic_smoke": false,
  "checkpoint": "outputs/checkpoints/pose_best.pt",
  "best_mean_f1": 0.4052492134615505,
  "label_maps": {
    "position": {
      "0": 0,
      "1": 1,
      "2": 2
    },
    "armstand": {
      "0": 0,
      "1": 1
    },
    "rotation_type": {
      "0": 0,
      "1": 1,
      "2": 2,
      "3": 3
    },
    "somersaults": {
      "0": 0,
      "1": 1,
      "2": 2,
      "3": 3,
      "4": 4,
      "5": 5,
      "6": 6,
      "7": 7,
      "9": 8
    },
    "twists": {
      "0": 0,
      "1": 1,
      "2": 2,
      "3": 3,
      "4": 4,
      "5": 5,
      "6": 6,
      "7": 7
    }
  },
  "history": [
    {
      "epoch": 1,
      "train_loss": 1.3547289454790643,
      "position": 0.3610728572365401,
      "armstand": 0.47155688622754494,
      "rotation_type": 0.2215334221120142,
      "somersaults": 0.16764130064691862,
      "twists": 0.12091503267973856,
      "mean_f1": 0.26854389978055127
    },
    {
      "epoch": 2,
      "train_loss": 1.2642987865226465,
      "position": 0.21841269841269842,
      "armstand": 0.47155688622754494,
      "rotation_type": 0.20241779497098644,
      "somersaults": 0.1974742736937859,
      "twists": 0.12091503267973856,
      "mean_f1": 0.24215533719695087
    },
    {
      "epoch": 3,
      "train_loss": 1.2425734069237064,
      "position": 0.3739085772984078,
      "armstand": 0.47155688622754494,
      "rotation_type": 0.2571681391490057,
      "somersaults": 0.19632985442489226,
      "twists": 0.12091503267973856,
      "mean_f1": 0.2839756979559178
    },
    {
      "epoch": 4,
      "train_loss": 1.223229976393796,
      "position": 0.3642662840402953,
      "armstand": 0.47155688622754494,
      "rotation_type": 0.2753070184313202,
      "somersaults": 0.1787326388888889,
      "twists": 0.12091503267973856,
      "mean_f1": 0.2821555720535576
    },
    {
      "epoch": 5,
      "train_loss": 1.2034644566131607,
      "position": 0.37626369741958293,
      "armstand": 0.47155688622754494,
      "rotation_type": 0.3127527411387939,
      "somersaults": 0.19413861439551164,
      "twists": 0.12091503267973856,
      "mean_f1": 0.2951253943722344
    },
    {
      "epoch": 6,
      "train_loss": 1.191834272136094,
      "position": 0.38710708053773746,
      "armstand": 0.47155688622754494,
      "rotation_type": 0.28208514293772374,
      "somersaults": 0.20495296787146605,
      "twists": 0.12679547228727556,
      "mean_f1": 0.2944995099723496
    },
    {
      "epoch": 7,
      "train_loss": 1.1675302385721036,
      "position": 0.36673897838946384,
      "armstand": 0.47155688622754494,
      "rotation_type": 0.38938942713173713,
      "somersaults": 0.2122181598340122,
      "twists": 0.12064531213467385,
      "mean_f1": 0.3121097527434864
    },
    {
      "epoch": 8,
      "train_loss": 1.163488457966121,
      "position": 0.3629806981762289,
      "armstand": 0.47155688622754494,
      "rotation_type": 0.3307045228731976,
      "somersaults": 0.21843944804212312,
      "twists": 0.12640327066787307,
      "mean_f1": 0.3020169651973935
    },
    {
      "epoch": 9,
      "train_loss": 1.1448256513552355,
      "position": 0.3801454781046618,
      "armstand": 0.47155688622754494,
      "rotation_type": 0.3627740149794911,
      "somersaults": 0.25808753463597955,
      "twists": 0.1205723668777856,
      "mean_f1": 0.31862725616509263
    },
    {
      "epoch": 10,
      "train_loss": 1.1363183821114422,
      "position": 0.3912942521344622,
      "armstand": 0.47155688622754494,
      "rotation_type": 0.4164250081538255,
      "somersaults": 0.23467799293351077,
      "twists": 0.12574252765356556,
      "mean_f1": 0.3279393334205818
    },
    {
      "epoch": 11,
      "train_loss": 1.1292650004509375,
      "position": 0.38196604110813226,
      "armstand": 0.4707646176911544,
      "rotation_type": 0.39686892225331916,
      "somersaults": 0.3152199177543358,
      "twists": 0.12632984471736447,
      "mean_f1": 0.3382298687048612
    },
    {
      "epoch": 12,
      "train_loss": 1.1184132604580987,
      "position": 0.35937386575861363,
      "armstand": 0.47155688622754494,
      "rotation_type": 0.4357902472890577,
      "somersaults": 0.29469770906385917,
      "twists": 0.1201032136992728,
      "mean_f1": 0.33630438440766963
    },
    {
      "epoch": 13,
      "train_loss": 1.108645439260517,
      "position": 0.40877196120162873,
      "armstand": 0.47155688622754494,
      "rotation_type": 0.42272891014902225,
      "somersaults": 0.3311843540595294,
      "twists": 0.12459613359275987,
      "mean_f1": 0.3517676490460971
    },
    {
      "epoch": 14,
      "train_loss": 1.0979329585691349,
      "position": 0.3275960130244991,
      "armstand": 0.47155688622754494,
      "rotation_type": 0.4164885737281937,
      "somersaults": 0.28882936167781015,
      "twists": 0.1248923341946598,
      "mean_f1": 0.32587263377054154
    },
    {
      "epoch": 15,
      "train_loss": 1.093785706615538,
      "position": 0.3785062395231887,
      "armstand": 0.47155688622754494,
      "rotation_type": 0.4621489621489621,
      "somersaults": 0.31923260073260074,
      "twists": 0.12524933812062525,
      "mean_f1": 0.3513388053505843
    },
    {
      "epoch": 16,
      "train_loss": 1.0806182324604903,
      "position": 0.4316402709569107,
      "armstand": 0.47155688622754494,
      "rotation_type": 0.4745839380517303,
      "somersaults": 0.2941015509282117,
      "twists": 0.1253570735224783,
      "mean_f1": 0.35944794393737517
    },
    {
      "epoch": 17,
      "train_loss": 1.0767428631823057,
      "position": 0.4119176483073332,
      "armstand": 0.47155688622754494,
      "rotation_type": 0.467563953970112,
      "somersaults": 0.3448443051682897,
      "twists": 0.13018994316831256,
      "mean_f1": 0.3652145473683185
    },
    {
      "epoch": 18,
      "train_loss": 1.0633132694688352,
      "position": 0.4476677805625174,
      "armstand": 0.46996996996997,
      "rotation_type": 0.48340383883473376,
      "somersaults": 0.275612030573204,
      "twists": 0.16080562378399318,
      "mean_f1": 0.3674918487448836
    },
    {
      "epoch": 19,
      "train_loss": 1.0609513838072786,
      "position": 0.438839033389854,
      "armstand": 0.47155688622754494,
      "rotation_type": 0.46811178249704444,
      "somersaults": 0.329716167614574,
      "twists": 0.11983082706766916,
      "mean_f1": 0.3656109393593373
    },
    {
      "epoch": 20,
      "train_loss": 1.05460412019373,
      "position": 0.4354871794871795,
      "armstand": 0.47155688622754494,
      "rotation_type": 0.4996057500713604,
      "somersaults": 0.29109100587759124,
      "twists": 0.15655737704918035,
      "mean_f1": 0.3708596397425713
    },
    {
      "epoch": 21,
      "train_loss": 1.0495543564345275,
      "position": 0.4159643822547305,
      "armstand": 0.47155688622754494,
      "rotation_type": 0.5299517277521824,
      "somersaults": 0.32249402266275157,
      "twists": 0.12002824193927983,
      "mean_f1": 0.3719990521672978
    },
    {
      "epoch": 22,
      "train_loss": 1.0417368478432818,
      "position": 0.4857530347391192,
      "armstand": 0.47155688622754494,
      "rotation_type": 0.5224669680825703,
      "somersaults": 0.3382506929938579,
      "twists": 0.1369085459994551,
      "mean_f1": 0.39098722560850946
    },
    {
      "epoch": 23,
      "train_loss": 1.0257889937971763,
      "position": 0.30559892031482166,
      "armstand": 0.47155688622754494,
      "rotation_type": 0.46940388281235546,
      "somersaults": 0.3015562608021932,
      "twists": 0.18247863247863247,
      "mean_f1": 0.3461189165271096
    },
    {
      "epoch": 24,
      "train_loss": 1.0304835918829958,
      "position": 0.4072311088971298,
      "armstand": 0.47155688622754494,
      "rotation_type": 0.5227457148881149,
      "somersaults": 0.3451717838223593,
      "twists": 0.15682721533785363,
      "mean_f1": 0.3807065418346005
    },
    {
      "epoch": 25,
      "train_loss": 1.0314006236389743,
      "position": 0.48758708479911705,
      "armstand": 0.47155688622754494,
      "rotation_type": 0.5525233378114854,
      "somersaults": 0.352335784901111,
      "twists": 0.16224297356849388,
      "mean_f1": 0.4052492134615505
    },
    {
      "epoch": 26,
      "train_loss": 1.0169878359444307,
      "position": 0.43830406165202457,
      "armstand": 0.47155688622754494,
      "rotation_type": 0.5193302557435976,
      "somersaults": 0.32159210949631795,
      "twists": 0.16185360094451,
      "mean_f1": 0.38252738281279897
    },
    {
      "epoch": 27,
      "train_loss": 1.0152149444711558,
      "position": 0.460292708779225,
      "armstand": 0.5170998632010944,
      "rotation_type": 0.5605046896620868,
      "somersaults": 0.3434674647909942,
      "twists": 0.1422263225541914,
      "mean_f1": 0.40471820979751827
    },
    {
      "epoch": 28,
      "train_loss": 1.0154637462469178,
      "position": 0.43804461604461603,
      "armstand": 0.47155688622754494,
      "rotation_type": 0.5433945976051239,
      "somersaults": 0.2828111062914349,
      "twists": 0.15494883903974815,
      "mean_f1": 0.3781512090416936
    },
    {
      "epoch": 29,
      "train_loss": 1.0091458622074216,
      "position": 0.45613751886239856,
      "armstand": 0.47155688622754494,
      "rotation_type": 0.5637507272606076,
      "somersaults": 0.30602233414733415,
      "twists": 0.17129870129870128,
      "mean_f1": 0.39375323355931735
    },
    {
      "epoch": 30,
      "train_loss": 0.989564592766244,
      "position": 0.43688309674704234,
      "armstand": 0.47155688622754494,
      "rotation_type": 0.5550719681485314,
      "somersaults": 0.3235445440250785,
      "twists": 0.16842823842823845,
      "mean_f1": 0.39109694671528716
    }
  ],
  "env": {
    "time": "2026-05-20 10:18:31",
    "project_root": "/mnt/users/xj62kv/action-quality-assessment",
    "torch": "2.12.0+cu126",
    "cuda_available": true,
    "cuda_version": "12.6",
    "gpu_name": "NVIDIA L40S"
  }
}
